<?xml version="1.0" encoding="UTF-8"?>
<testsuites name="TS_RegressionSuite_QuickDemo" time="18" tests="2" failures="0" errors="0">
   <testsuite name="TS_RegressionSuite_QuickDemo" tests="2" failures="0" errors="0" time="18" timestamp="2019-03-05 12:47:40" hostname="whayes - cvg-000211M-090.ga.afginc.com" id="Test Suites/TS_Regression_ForTeamXYZ/TS_RegressionSuite_QuickDemo">
      <properties>
         <property name="deviceName" value=""/>
         <property name="devicePlatform" value=""/>
         <property name="logFolder" value="C:\\Users\\whayes\\Desktop\\WHLocal\\KatalonLocalProjects\\DemoForEval\\Reports\\TS_Regression_ForTeamXYZ\\TS_RegressionSuite_QuickDemo\\20190305_124737"/>
         <property name="logFiles" value="C:\\Users\\whayes\\Desktop\\WHLocal\\KatalonLocalProjects\\DemoForEval\\Reports\\TS_Regression_ForTeamXYZ\\TS_RegressionSuite_QuickDemo\\20190305_124737\\execution0.log"/>
         <property name="attachments" value=""/>
         <property name="hostName" value="whayes - cvg-000211M-090.ga.afginc.com"/>
         <property name="os" value="Windows 10 64bit"/>
         <property name="katalonVersion" value="6.0.5.4"/>
         <property name="browser" value="Chrome 72.0.3626.81"/>
         <property name="hostAddress" value="10.103.40.102"/>
         <property name="sessionId" value="0bdba7615d440941bd67e2ba61b778aa"/>
         <property name="seleniumVersion" value="3.7.1"/>
         <property name="proxyInformation" value="ProxyInformation{proxyOption=NO_PROXY, proxyServerType=HTTP, password=, proxyServerAddress=, proxyServerPort=0}"/>
         <property name="platform" value="Windows 10"/>
      </properties>
      <testcase name="Test Cases/WEBUI_Demo/_DemoEval/AUT_Appointments/TC_Login" classname="Test Cases/WEBUI_Demo/_DemoEval/AUT_Appointments/TC_Login" status="PASSED">
         <system-out><![CDATA[2019-03-05 12:47:41 - [TEST_CASE][PASSED] - Test Cases/WEBUI_Demo/_DemoEval/AUT_Appointments/TC_Login: Test Cases/WEBUI_Demo/_DemoEval/AUT_Appointments/TC_Login

2019-03-05 12:47:42 - [TEST_STEP][PASSED] - openBrowser(""): Browser is opened with url: ''

2019-03-05 12:47:42 - [MESSAGE][INFO] - Starting 'Chrome' driver

2019-03-05 12:47:42 - [MESSAGE][INFO] - Action delay is set to 0 seconds

2019-03-05 12:47:45 - [MESSAGE][PASSED] - Browser is opened with url: ''

2019-03-05 12:47:45 - [TEST_STEP][PASSED] - navigateToUrl("https://katalon-demo-cura.herokuapp.com/"): Navigate to 'https://katalon-demo-cura.herokuapp.com/' successfully

2019-03-05 12:47:47 - [MESSAGE][PASSED] - Navigate to 'https://katalon-demo-cura.herokuapp.com/' successfully

2019-03-05 12:47:47 - [TEST_STEP][PASSED] - click(findTestObject("Object Repository/Page_CURA Healthcare Service/a_Make Appointment")): Object: 'Object Repository/Page_CURA Healthcare Service/a_Make Appointment' is clicked on

2019-03-05 12:47:47 - [MESSAGE][PASSED] - Object: 'Object Repository/Page_CURA Healthcare Service/a_Make Appointment' is clicked on

2019-03-05 12:47:47 - [TEST_STEP][PASSED] - setText(findTestObject("Object Repository/Page_CURA Healthcare Service/input_Username_username"), "John Doe"): Text 'John Doe' is set on object 'Object Repository/Page_CURA Healthcare Service/input_Username_username'

2019-03-05 12:47:48 - [MESSAGE][PASSED] - Text 'John Doe' is set on object 'Object Repository/Page_CURA Healthcare Service/input_Username_username'

2019-03-05 12:47:48 - [TEST_STEP][PASSED] - setEncryptedText(findTestObject("Object Repository/Page_CURA Healthcare Service/input_Password_password"), "g3/DOGG74jC3Flrr3yH+3D/yKbOqqUNM"): Text ****** has been set on object 'Object Repository/Page_CURA Healthcare Service/input_Password_password'

2019-03-05 12:47:48 - [MESSAGE][PASSED] - Text ****** has been set on object 'Object Repository/Page_CURA Healthcare Service/input_Password_password'

2019-03-05 12:47:48 - [TEST_STEP][PASSED] - click(findTestObject("Page_CURA Healthcare Service/whbutton_Login")): Object: 'Object Repository/Page_CURA Healthcare Service/whbutton_Login' is clicked on

2019-03-05 12:47:49 - [MESSAGE][PASSED] - Object: 'Object Repository/Page_CURA Healthcare Service/whbutton_Login' is clicked on

2019-03-05 12:47:49 - [TEST_STEP][NOT_RUN] - closeBrowser(): NOT_RUN: closeBrowser()

2019-03-05 12:47:49 - [MESSAGE][NOT_RUN] - NOT_RUN: closeBrowser()]]></system-out>
         <system-err><![CDATA[]]></system-err>
      </testcase>
      <testcase name="Test Cases/WEBUI_Demo/_DemoEval/AUT_Appointments/TC_LoginFailure" classname="Test Cases/WEBUI_Demo/_DemoEval/AUT_Appointments/TC_LoginFailure" status="PASSED">
         <system-out><![CDATA[2019-03-05 12:47:51 - [TEST_CASE][PASSED] - Test Cases/WEBUI_Demo/_DemoEval/AUT_Appointments/TC_LoginFailure: Test Cases/WEBUI_Demo/_DemoEval/AUT_Appointments/TC_LoginFailure

2019-03-05 12:47:51 - [TEST_STEP][PASSED] - openBrowser(""): Browser is opened with url: ''

2019-03-05 12:47:51 - [MESSAGE][WARNING] - A browser is already opened. Closing browser and opening a new one

2019-03-05 12:47:52 - [MESSAGE][INFO] - Starting 'Chrome' driver

2019-03-05 12:47:54 - [MESSAGE][PASSED] - Browser is opened with url: ''

2019-03-05 12:47:54 - [TEST_STEP][PASSED] - navigateToUrl("https://katalon-demo-cura.herokuapp.com/"): Navigate to 'https://katalon-demo-cura.herokuapp.com/' successfully

2019-03-05 12:47:55 - [MESSAGE][PASSED] - Navigate to 'https://katalon-demo-cura.herokuapp.com/' successfully

2019-03-05 12:47:55 - [TEST_STEP][PASSED] - click(findTestObject("Object Repository/Page_CURA Healthcare Service/a_Make Appointment")): Object: 'Object Repository/Page_CURA Healthcare Service/a_Make Appointment' is clicked on

2019-03-05 12:47:55 - [MESSAGE][PASSED] - Object: 'Object Repository/Page_CURA Healthcare Service/a_Make Appointment' is clicked on

2019-03-05 12:47:55 - [TEST_STEP][PASSED] - setText(findTestObject("Object Repository/Page_CURA Healthcare Service/input_Username_username"), "WHayes"): Text 'WHayes' is set on object 'Object Repository/Page_CURA Healthcare Service/input_Username_username'

2019-03-05 12:47:56 - [MESSAGE][PASSED] - Text 'WHayes' is set on object 'Object Repository/Page_CURA Healthcare Service/input_Username_username'

2019-03-05 12:47:56 - [TEST_STEP][PASSED] - setEncryptedText(findTestObject("Object Repository/Page_CURA Healthcare Service/input_Password_password"), "g3/DOGG74jC3Flrr3yH+3D/yKbOqqUNM"): Text ****** has been set on object 'Object Repository/Page_CURA Healthcare Service/input_Password_password'

2019-03-05 12:47:56 - [MESSAGE][PASSED] - Text ****** has been set on object 'Object Repository/Page_CURA Healthcare Service/input_Password_password'

2019-03-05 12:47:56 - [TEST_STEP][PASSED] - click(findTestObject("Page_CURA Healthcare Service/whbutton_Login")): Object: 'Object Repository/Page_CURA Healthcare Service/whbutton_Login' is clicked on

2019-03-05 12:47:56 - [MESSAGE][PASSED] - Object: 'Object Repository/Page_CURA Healthcare Service/whbutton_Login' is clicked on

2019-03-05 12:47:56 - [TEST_STEP][NOT_RUN] - closeBrowser(): NOT_RUN: closeBrowser()

2019-03-05 12:47:56 - [MESSAGE][NOT_RUN] - NOT_RUN: closeBrowser()]]></system-out>
         <system-err><![CDATA[]]></system-err>
      </testcase>
      <system-out><![CDATA[2019-03-05 12:47:40 - [TEST_SUITE][PASSED] - TS_RegressionSuite_QuickDemo: Test Cases/WEBUI_Demo/_DemoEval/AUT_Appointments/TC_LoginFailure]]></system-out>
      <system-err><![CDATA[]]></system-err>
   </testsuite>
</testsuites>
