<?xml version="1.0" encoding="UTF-8"?>
<testsuites name="TS_Smoke" time="6" tests="1" failures="0" errors="0">
   <testsuite name="TS_Smoke" tests="1" failures="0" errors="0" time="6" timestamp="2019-03-03 17:14:36" hostname="whayes - cvg-000211M-090.ga.afginc.com" id="Test Suites/Suite_SmokeTest_App1/TS_Smoke">
      <properties>
         <property name="deviceName" value=""/>
         <property name="devicePlatform" value=""/>
         <property name="logFolder" value="C:\\Users\\whayes\\Desktop\\WHLocal\\KatalonLocalProjects\\DemoForEval\\Reports\\Suite_SmokeTest_App1\\TS_Smoke\\20190303_171434"/>
         <property name="logFiles" value="C:\\Users\\whayes\\Desktop\\WHLocal\\KatalonLocalProjects\\DemoForEval\\Reports\\Suite_SmokeTest_App1\\TS_Smoke\\20190303_171434\\execution0.log"/>
         <property name="attachments" value=""/>
         <property name="hostName" value="whayes - cvg-000211M-090.ga.afginc.com"/>
         <property name="os" value="Windows 10 64bit"/>
         <property name="katalonVersion" value="6.0.5.4"/>
         <property name="browser" value="Chrome 72.0.3626.81"/>
         <property name="hostAddress" value="10.239.53.70"/>
         <property name="sessionId" value="77ae981ed0f561d2be419e0ef1a7c347"/>
         <property name="seleniumVersion" value="3.7.1"/>
         <property name="proxyInformation" value="ProxyInformation{proxyOption=NO_PROXY, proxyServerType=HTTP, password=, proxyServerAddress=, proxyServerPort=0}"/>
         <property name="platform" value="Windows 10"/>
      </properties>
      <testcase name="Test Cases/WEBUI_Demo/_DemoEval/AUT_Appointments/TC_Login" classname="Test Cases/WEBUI_Demo/_DemoEval/AUT_Appointments/TC_Login" status="PASSED">
         <system-out><![CDATA[2019-03-03 17:14:36 - [TEST_CASE][PASSED] - Test Cases/WEBUI_Demo/_DemoEval/AUT_Appointments/TC_Login: Test Cases/WEBUI_Demo/_DemoEval/AUT_Appointments/TC_Login

2019-03-03 17:14:36 - [TEST_STEP][PASSED] - openBrowser(""): Browser is opened with url: ''

2019-03-03 17:14:37 - [MESSAGE][INFO] - Starting 'Chrome' driver

2019-03-03 17:14:37 - [MESSAGE][INFO] - Action delay is set to 0 seconds

2019-03-03 17:14:38 - [MESSAGE][PASSED] - Browser is opened with url: ''

2019-03-03 17:14:38 - [TEST_STEP][PASSED] - navigateToUrl("https://katalon-demo-cura.herokuapp.com/"): Navigate to 'https://katalon-demo-cura.herokuapp.com/' successfully

2019-03-03 17:14:41 - [MESSAGE][PASSED] - Navigate to 'https://katalon-demo-cura.herokuapp.com/' successfully

2019-03-03 17:14:41 - [TEST_STEP][PASSED] - click(findTestObject("Object Repository/Page_CURA Healthcare Service/a_Make Appointment")): Object: 'Object Repository/Page_CURA Healthcare Service/a_Make Appointment' is clicked on

2019-03-03 17:14:41 - [MESSAGE][PASSED] - Object: 'Object Repository/Page_CURA Healthcare Service/a_Make Appointment' is clicked on

2019-03-03 17:14:41 - [TEST_STEP][PASSED] - setText(findTestObject("Object Repository/Page_CURA Healthcare Service/input_Username_username"), "John Doe"): Text 'John Doe' is set on object 'Object Repository/Page_CURA Healthcare Service/input_Username_username'

2019-03-03 17:14:41 - [MESSAGE][PASSED] - Text 'John Doe' is set on object 'Object Repository/Page_CURA Healthcare Service/input_Username_username'

2019-03-03 17:14:41 - [TEST_STEP][PASSED] - setEncryptedText(findTestObject("Object Repository/Page_CURA Healthcare Service/input_Password_password"), "g3/DOGG74jC3Flrr3yH+3D/yKbOqqUNM"): Text ****** has been set on object 'Object Repository/Page_CURA Healthcare Service/input_Password_password'

2019-03-03 17:14:42 - [MESSAGE][PASSED] - Text ****** has been set on object 'Object Repository/Page_CURA Healthcare Service/input_Password_password'

2019-03-03 17:14:42 - [TEST_STEP][PASSED] - click(findTestObject("Object Repository/Page_CURA Healthcare Service/button_Login")): Object: 'Object Repository/Page_CURA Healthcare Service/button_Login' is clicked on

2019-03-03 17:14:42 - [MESSAGE][PASSED] - Object: 'Object Repository/Page_CURA Healthcare Service/button_Login' is clicked on

2019-03-03 17:14:42 - [TEST_STEP][PASSED] - closeBrowser(): Browser is closed

2019-03-03 17:14:43 - [MESSAGE][PASSED] - Browser is closed]]></system-out>
         <system-err><![CDATA[]]></system-err>
      </testcase>
      <system-out><![CDATA[2019-03-03 17:14:36 - [TEST_SUITE][PASSED] - TS_Smoke: Test Cases/WEBUI_Demo/_DemoEval/AUT_Appointments/TC_Login]]></system-out>
      <system-err><![CDATA[]]></system-err>
   </testsuite>
</testsuites>
