<?xml version="1.0" encoding="UTF-8"?>
<testsuites name="WH_DataDriven" time="22" tests="2" failures="0" errors="0">
   <testsuite name="WH_DataDriven" tests="2" failures="0" errors="0" time="22" timestamp="2019-03-04 23:54:18" hostname="whayes - cvg-000211M-090.ga.afginc.com" id="Test Suites/TS_MixedTest/WH_DataDriven">
      <properties>
         <property name="deviceName" value=""/>
         <property name="devicePlatform" value=""/>
         <property name="logFolder" value="C:\\Users\\whayes\\Desktop\\WHLocal\\KatalonLocalProjects\\DemoForEval\\Reports\\TS_MixedTest\\WH_DataDriven\\20190304_235413"/>
         <property name="logFiles" value="C:\\Users\\whayes\\Desktop\\WHLocal\\KatalonLocalProjects\\DemoForEval\\Reports\\TS_MixedTest\\WH_DataDriven\\20190304_235413\\execution0.log"/>
         <property name="attachments" value=""/>
         <property name="hostName" value="whayes - cvg-000211M-090.ga.afginc.com"/>
         <property name="os" value="Windows 10 64bit"/>
         <property name="katalonVersion" value="6.0.5.4"/>
         <property name="browser" value="Chrome 72.0.3626.81"/>
         <property name="hostAddress" value="10.239.56.17"/>
         <property name="sessionId" value="464b19da22b1a69cdcf819140c925a36"/>
         <property name="seleniumVersion" value="3.7.1"/>
         <property name="proxyInformation" value="ProxyInformation{proxyOption=NO_PROXY, proxyServerType=HTTP, password=, proxyServerAddress=, proxyServerPort=0}"/>
         <property name="platform" value="Windows 10"/>
      </properties>
      <testcase name="Test Cases/DataDriven Test/DD_TestExample" classname="Test Cases/DataDriven Test/DD_TestExample" status="PASSED">
         <system-out><![CDATA[2019-03-04 23:54:19 - [TEST_CASE][PASSED] - Test Cases/DataDriven Test/DD_TestExample: Test Cases/DataDriven Test/DD_TestExample

2019-03-04 23:54:20 - [TEST_STEP][PASSED] - openBrowser(""): Browser is opened with url: ''

2019-03-04 23:54:22 - [MESSAGE][INFO] - Starting 'Chrome' driver

2019-03-04 23:54:22 - [MESSAGE][INFO] - Action delay is set to 0 seconds

2019-03-04 23:54:27 - [MESSAGE][PASSED] - Browser is opened with url: ''

2019-03-04 23:54:27 - [TEST_STEP][PASSED] - navigateToUrl("https://katalon-demo-cura.herokuapp.com/"): Navigate to 'https://katalon-demo-cura.herokuapp.com/' successfully

2019-03-04 23:54:30 - [MESSAGE][PASSED] - Navigate to 'https://katalon-demo-cura.herokuapp.com/' successfully

2019-03-04 23:54:30 - [TEST_STEP][PASSED] - click(findTestObject("Object Repository/Page_CURA Healthcare Service/a_Make Appointment")): Object: 'Object Repository/Page_CURA Healthcare Service/a_Make Appointment' is clicked on

2019-03-04 23:54:31 - [MESSAGE][PASSED] - Object: 'Object Repository/Page_CURA Healthcare Service/a_Make Appointment' is clicked on

2019-03-04 23:54:31 - [TEST_STEP][PASSED] - setText(findTestObject("Object Repository/Page_CURA Healthcare Service/input_Username_username"), wh_uname): Text 'John Doe' is set on object 'Object Repository/Page_CURA Healthcare Service/input_Username_username'

2019-03-04 23:54:31 - [MESSAGE][PASSED] - Text 'John Doe' is set on object 'Object Repository/Page_CURA Healthcare Service/input_Username_username'

2019-03-04 23:54:31 - [TEST_STEP][PASSED] - setText(findTestObject("Object Repository/Page_CURA Healthcare Service/input_Password_password"), wh_pswd): Text 'ThisIsNotAPassword' is set on object 'Object Repository/Page_CURA Healthcare Service/input_Password_password'

2019-03-04 23:54:32 - [MESSAGE][PASSED] - Text 'ThisIsNotAPassword' is set on object 'Object Repository/Page_CURA Healthcare Service/input_Password_password'

2019-03-04 23:54:32 - [TEST_STEP][PASSED] - click(findTestObject("Page_CURA Healthcare Service/whbutton_Login")): Object: 'Object Repository/Page_CURA Healthcare Service/whbutton_Login' is clicked on

2019-03-04 23:54:32 - [MESSAGE][PASSED] - Object: 'Object Repository/Page_CURA Healthcare Service/whbutton_Login' is clicked on]]></system-out>
         <system-err><![CDATA[]]></system-err>
      </testcase>
      <testcase name="Test Cases/DataDriven Test/DD_TestExample" classname="Test Cases/DataDriven Test/DD_TestExample" status="PASSED">
         <system-out><![CDATA[2019-03-04 23:54:32 - [TEST_CASE][PASSED] - Test Cases/DataDriven Test/DD_TestExample: Test Cases/DataDriven Test/DD_TestExample

2019-03-04 23:54:32 - [TEST_STEP][PASSED] - openBrowser(""): Browser is opened with url: ''

2019-03-04 23:54:32 - [MESSAGE][WARNING] - A browser is already opened. Closing browser and opening a new one

2019-03-04 23:54:33 - [MESSAGE][INFO] - Starting 'Chrome' driver

2019-03-04 23:54:35 - [MESSAGE][PASSED] - Browser is opened with url: ''

2019-03-04 23:54:35 - [TEST_STEP][PASSED] - navigateToUrl("https://katalon-demo-cura.herokuapp.com/"): Navigate to 'https://katalon-demo-cura.herokuapp.com/' successfully

2019-03-04 23:54:37 - [MESSAGE][PASSED] - Navigate to 'https://katalon-demo-cura.herokuapp.com/' successfully

2019-03-04 23:54:37 - [TEST_STEP][PASSED] - click(findTestObject("Object Repository/Page_CURA Healthcare Service/a_Make Appointment")): Object: 'Object Repository/Page_CURA Healthcare Service/a_Make Appointment' is clicked on

2019-03-04 23:54:38 - [MESSAGE][PASSED] - Object: 'Object Repository/Page_CURA Healthcare Service/a_Make Appointment' is clicked on

2019-03-04 23:54:38 - [TEST_STEP][PASSED] - setText(findTestObject("Object Repository/Page_CURA Healthcare Service/input_Username_username"), wh_uname): Text 'Wanda' is set on object 'Object Repository/Page_CURA Healthcare Service/input_Username_username'

2019-03-04 23:54:38 - [MESSAGE][PASSED] - Text 'Wanda' is set on object 'Object Repository/Page_CURA Healthcare Service/input_Username_username'

2019-03-04 23:54:38 - [TEST_STEP][PASSED] - setText(findTestObject("Object Repository/Page_CURA Healthcare Service/input_Password_password"), wh_pswd): Text 'MickeyMouse' is set on object 'Object Repository/Page_CURA Healthcare Service/input_Password_password'

2019-03-04 23:54:39 - [MESSAGE][PASSED] - Text 'MickeyMouse' is set on object 'Object Repository/Page_CURA Healthcare Service/input_Password_password'

2019-03-04 23:54:39 - [TEST_STEP][PASSED] - click(findTestObject("Page_CURA Healthcare Service/whbutton_Login")): Object: 'Object Repository/Page_CURA Healthcare Service/whbutton_Login' is clicked on

2019-03-04 23:54:40 - [MESSAGE][PASSED] - Object: 'Object Repository/Page_CURA Healthcare Service/whbutton_Login' is clicked on]]></system-out>
         <system-err><![CDATA[]]></system-err>
      </testcase>
      <system-out><![CDATA[2019-03-04 23:54:18 - [TEST_SUITE][PASSED] - WH_DataDriven: Test Cases/DataDriven Test/DD_TestExample]]></system-out>
      <system-err><![CDATA[]]></system-err>
   </testsuite>
</testsuites>
